# JRE version: OpenJDK Runtime Environment (11.0.8+10) (build 11.0.8+10-post-Ubuntu-0ubuntu118.04.1)
# Java VM: OpenJDK 64-Bit Server VM (11.0.8+10-post-Ubuntu-0ubuntu118.04.1, mixed mode, sharing, tiered, compressed oops, g1 gc, linux-amd64)
Heap:
 garbage-first heap   total 264192K, used 112086K [0x0000000080000000, 0x0000000100000000)
  region size 1024K, 9 young (9216K), 1 survivors (1024K)
 Metaspace       used 119274K, capacity 122696K, committed 122960K, reserved 1155072K
  class space    used 15448K, capacity 16597K, committed 16640K, reserved 1048576K
GC Heap History (20 events):
Event: 6319.904 GC heap before
{Heap before GC invocations=37 (full 0):
 garbage-first heap   total 264192K, used 73465K [0x0000000080000000, 0x0000000100000000)
  region size 1024K, 12 young (12288K), 1 survivors (1024K)
 Metaspace       used 96016K, capacity 98408K, committed 99664K, reserved 1136640K
  class space    used 12408K, capacity 13248K, committed 13568K, reserved 1048576K
}
Event: 6319.916 GC heap after
{Heap after GC invocations=38 (full 0):
 garbage-first heap   total 264192K, used 62156K [0x0000000080000000, 0x0000000100000000)
  region size 1024K, 1 young (1024K), 1 survivors (1024K)
 Metaspace       used 96016K, capacity 98408K, committed 99664K, reserved 1136640K
  class space    used 12408K, capacity 13248K, committed 13568K, reserved 1048576K
}
Event: 9300.439 GC heap before
{Heap before GC invocations=38 (full 0):
 garbage-first heap   total 264192K, used 157388K [0x0000000080000000, 0x0000000100000000)
  region size 1024K, 94 young (96256K), 1 survivors (1024K)
 Metaspace       used 96134K, capacity 98617K, committed 99664K, reserved 1136640K
  class space    used 12424K, capacity 13271K, committed 13568K, reserved 1048576K
}
Event: 9300.454 GC heap after
{Heap after GC invocations=39 (full 0):
 garbage-first heap   total 264192K, used 66060K [0x0000000080000000, 0x0000000100000000)
  region size 1024K, 4 young (4096K), 4 survivors (4096K)
 Metaspace       used 96134K, capacity 98617K, committed 99664K, reserved 1136640K
  class space    used 12424K, capacity 13271K, committed 13568K, reserved 1048576K
}
Event: 9302.691 GC heap before
{Heap before GC invocations=40 (full 0):
 garbage-first heap   total 264192K, used 179724K [0x0000000080000000, 0x0000000100000000)
  region size 1024K, 115 young (117760K), 4 survivors (4096K)
 Metaspace       used 104627K, capacity 107451K, committed 108368K, reserved 1142784K
  class space    used 13465K, capacity 14425K, committed 14592K, reserved 1048576K
}
Event: 9302.725 GC heap after
{Heap after GC invocations=41 (full 0):
 garbage-first heap   total 264192K, used 72915K [0x0000000080000000, 0x0000000100000000)
  region size 1024K, 11 young (11264K), 11 survivors (11264K)
 Metaspace       used 104627K, capacity 107451K, committed 108368K, reserved 1142784K
  class space    used 13465K, capacity 14425K, committed 14592K, reserved 1048576K
}
Event: 9302.756 GC heap before
{Heap before GC invocations=41 (full 0):
 garbage-first heap   total 264192K, used 73939K [0x0000000080000000, 0x0000000100000000)
  region size 1024K, 12 young (12288K), 11 survivors (11264K)
 Metaspace       used 104799K, capacity 107609K, committed 108624K, reserved 1142784K
  class space    used 13489K, capacity 14433K, committed 14592K, reserved 1048576K
}
Event: 9302.790 GC heap after
{Heap after GC invocations=42 (full 0):
 garbage-first heap   total 264192K, used 72594K [0x0000000080000000, 0x0000000100000000)
  region size 1024K, 1 young (1024K), 1 survivors (1024K)
 Metaspace       used 104799K, capacity 107609K, committed 108624K, reserved 1142784K
  class space    used 13489K, capacity 14433K, committed 14592K, reserved 1048576K
}
Event: 9305.702 GC heap before
{Heap before GC invocations=42 (full 0):
 garbage-first heap   total 264192K, used 184210K [0x0000000080000000, 0x0000000100000000)
  region size 1024K, 110 young (112640K), 1 survivors (1024K)
 Metaspace       used 113707K, capacity 116886K, committed 117456K, reserved 1150976K
  class space    used 14868K, capacity 15973K, committed 16000K, reserved 1048576K
}
Event: 9305.762 GC heap after
{Heap after GC invocations=43 (full 0):
 garbage-first heap   total 264192K, used 83706K [0x0000000080000000, 0x0000000100000000)
  region size 1024K, 12 young (12288K), 12 survivors (12288K)
 Metaspace       used 113707K, capacity 116886K, committed 117456K, reserved 1150976K
  class space    used 14868K, capacity 15973K, committed 16000K, reserved 1048576K
}
Event: 9308.989 GC heap before
{Heap before GC invocations=44 (full 0):
 garbage-first heap   total 264192K, used 187130K [0x0000000080000000, 0x0000000100000000)
  region size 1024K, 114 young (116736K), 12 survivors (12288K)
 Metaspace       used 115406K, capacity 118580K, committed 119248K, reserved 1153024K
  class space    used 15066K, capacity 16192K, committed 16256K, reserved 1048576K
}
Event: 9309.040 GC heap after
{Heap after GC invocations=45 (full 0):
 garbage-first heap   total 264192K, used 93106K [0x0000000080000000, 0x0000000100000000)
  region size 1024K, 10 young (10240K), 10 survivors (10240K)
 Metaspace       used 115406K, capacity 118580K, committed 119248K, reserved 1153024K
  class space    used 15066K, capacity 16192K, committed 16256K, reserved 1048576K
}
Event: 9310.465 GC heap before
{Heap before GC invocations=45 (full 0):
 garbage-first heap   total 264192K, used 135090K [0x0000000080000000, 0x0000000100000000)
  region size 1024K, 53 young (54272K), 10 survivors (10240K)
 Metaspace       used 116071K, capacity 119313K, committed 119760K, reserved 1153024K
  class space    used 15128K, capacity 16244K, committed 16256K, reserved 1048576K
}
Event: 9310.523 GC heap after
{Heap after GC invocations=46 (full 0):
 garbage-first heap   total 264192K, used 102084K [0x0000000080000000, 0x0000000100000000)
  region size 1024K, 9 young (9216K), 9 survivors (9216K)
 Metaspace       used 116071K, capacity 119313K, committed 119760K, reserved 1153024K
  class space    used 15128K, capacity 16244K, committed 16256K, reserved 1048576K
}
Event: 9313.954 GC heap before
{Heap before GC invocations=47 (full 0):
 garbage-first heap   total 264192K, used 194244K [0x0000000080000000, 0x0000000100000000)
  region size 1024K, 92 young (94208K), 9 survivors (9216K)
 Metaspace       used 118967K, capacity 122434K, committed 122704K, reserved 1155072K
  class space    used 15425K, capacity 16596K, committed 16640K, reserved 1048576K
}
Event: 9313.988 GC heap after
{Heap after GC invocations=48 (full 0):
 garbage-first heap   total 264192K, used 104132K [0x0000000080000000, 0x0000000100000000)
  region size 1024K, 5 young (5120K), 5 survivors (5120K)
 Metaspace       used 118967K, capacity 122434K, committed 122704K, reserved 1155072K
  class space    used 15425K, capacity 16596K, committed 16640K, reserved 1048576K
}
Event: 9314.046 GC heap before
{Heap before GC invocations=48 (full 0):
 garbage-first heap   total 264192K, used 110276K [0x0000000080000000, 0x0000000100000000)
  region size 1024K, 12 young (12288K), 5 survivors (5120K)
 Metaspace       used 118994K, capacity 122434K, committed 122704K, reserved 1155072K
  class space    used 15425K, capacity 16596K, committed 16640K, reserved 1048576K
}
Event: 9314.067 GC heap after
{Heap after GC invocations=49 (full 0):
 garbage-first heap   total 264192K, used 103620K [0x0000000080000000, 0x0000000100000000)
  region size 1024K, 1 young (1024K), 1 survivors (1024K)
 Metaspace       used 118994K, capacity 122434K, committed 122704K, reserved 1155072K
  class space    used 15425K, capacity 16596K, committed 16640K, reserved 1048576K
}
Event: 9314.198 GC heap before
{Heap before GC invocations=49 (full 0):
 garbage-first heap   total 264192K, used 108740K [0x0000000080000000, 0x0000000100000000)
  region size 1024K, 7 young (7168K), 1 survivors (1024K)
 Metaspace       used 119157K, capacity 122632K, committed 122960K, reserved 1155072K
  class space    used 15445K, capacity 16597K, committed 16640K, reserved 1048576K
}
Event: 9314.206 GC heap after
{Heap after GC invocations=50 (full 0):
 garbage-first heap   total 264192K, used 102870K [0x0000000080000000, 0x0000000100000000)
  region size 1024K, 1 young (1024K), 1 survivors (1024K)
 Metaspace       used 119157K, capacity 122632K, committed 122960K, reserved 1155072K
  class space    used 15445K, capacity 16597K, committed 16640K, reserved 1048576K
}

