# JRE version: OpenJDK Runtime Environment (8.0_242) (build 1.8.0_242-release-1644-b3-6222593)
# Java VM: OpenJDK 64-Bit Server VM (25.242-b3-6222593 mixed mode linux-amd64 compressed oops)
Heap:
 PSYoungGen      total 303104K, used 191900K [0x00000000d5580000, 0x00000000e9d00000, 0x0000000100000000)
  eden space 283648K, 67% used [0x00000000d5580000,0x00000000e10e70e0,0x00000000e6a80000)
  from space 19456K, 0% used [0x00000000e8180000,0x00000000e8180000,0x00000000e9480000)
  to   space 23552K, 0% used [0x00000000e6a80000,0x00000000e6a80000,0x00000000e8180000)
 ParOldGen       total 122880K, used 36249K [0x0000000080000000, 0x0000000087800000, 0x00000000d5580000)
  object space 122880K, 29% used [0x0000000080000000,0x00000000823665b8,0x0000000087800000)
 Metaspace       used 66882K, capacity 69712K, committed 70104K, reserved 1110016K
  class space    used 9248K, capacity 9874K, committed 9984K, reserved 1048576K
GC Heap History (10 events):
Event: 26.017 GC heap before
{Heap before GC invocations=9 (full 1):
 PSYoungGen      total 138240K, used 59932K [0x00000000d5580000, 0x00000000e4d00000, 0x0000000100000000)
  eden space 126976K, 38% used [0x00000000d5580000,0x00000000d850b660,0x00000000dd180000)
  from space 11264K, 99% used [0x00000000dd180000,0x00000000ddc7bd90,0x00000000ddc80000)
  to   space 13312K, 0% used [0x00000000e4000000,0x00000000e4000000,0x00000000e4d00000)
 ParOldGen       total 50176K, used 7964K [0x0000000080000000, 0x0000000083100000, 0x00000000d5580000)
  object space 50176K, 15% used [0x0000000080000000,0x00000000807c7358,0x0000000083100000)
 Metaspace       used 34236K, capacity 35314K, committed 35416K, reserved 1079296K
  class space    used 4635K, capacity 4939K, committed 4992K, reserved 1048576K
Event: 26.061 GC heap after
Heap after GC invocations=9 (full 1):
 PSYoungGen      total 239104K, used 9049K [0x00000000d5580000, 0x00000000e4c80000, 0x0000000100000000)
  eden space 226304K, 0% used [0x00000000d5580000,0x00000000d5580000,0x00000000e3280000)
  from space 12800K, 70% used [0x00000000e4000000,0x00000000e48d6758,0x00000000e4c80000)
  to   space 13312K, 0% used [0x00000000e3280000,0x00000000e3280000,0x00000000e3f80000)
 ParOldGen       total 50176K, used 7972K [0x0000000080000000, 0x0000000083100000, 0x00000000d5580000)
  object space 50176K, 15% used [0x0000000080000000,0x00000000807c9358,0x0000000083100000)
 Metaspace       used 34236K, capacity 35314K, committed 35416K, reserved 1079296K
  class space    used 4635K, capacity 4939K, committed 4992K, reserved 1048576K
}
Event: 26.061 GC heap before
{Heap before GC invocations=10 (full 2):
 PSYoungGen      total 239104K, used 9049K [0x00000000d5580000, 0x00000000e4c80000, 0x0000000100000000)
  eden space 226304K, 0% used [0x00000000d5580000,0x00000000d5580000,0x00000000e3280000)
  from space 12800K, 70% used [0x00000000e4000000,0x00000000e48d6758,0x00000000e4c80000)
  to   space 13312K, 0% used [0x00000000e3280000,0x00000000e3280000,0x00000000e3f80000)
 ParOldGen       total 50176K, used 7972K [0x0000000080000000, 0x0000000083100000, 0x00000000d5580000)
  object space 50176K, 15% used [0x0000000080000000,0x00000000807c9358,0x0000000083100000)
 Metaspace       used 34236K, capacity 35314K, committed 35416K, reserved 1079296K
  class space    used 4635K, capacity 4939K, committed 4992K, reserved 1048576K
Event: 26.333 GC heap after
Heap after GC invocations=10 (full 2):
 PSYoungGen      total 239104K, used 0K [0x00000000d5580000, 0x00000000e4c80000, 0x0000000100000000)
  eden space 226304K, 0% used [0x00000000d5580000,0x00000000d5580000,0x00000000e3280000)
  from space 12800K, 0% used [0x00000000e4000000,0x00000000e4000000,0x00000000e4c80000)
  to   space 13312K, 0% used [0x00000000e3280000,0x00000000e3280000,0x00000000e3f80000)
 ParOldGen       total 77824K, used 15427K [0x0000000080000000, 0x0000000084c00000, 0x00000000d5580000)
  object space 77824K, 19% used [0x0000000080000000,0x0000000080f10de0,0x0000000084c00000)
 Metaspace       used 34236K, capacity 35314K, committed 35416K, reserved 1079296K
  class space    used 4635K, capacity 4939K, committed 4992K, reserved 1048576K
}
Event: 35.250 GC heap before
{Heap before GC invocations=11 (full 2):
 PSYoungGen      total 239104K, used 226304K [0x00000000d5580000, 0x00000000e4c80000, 0x0000000100000000)
  eden space 226304K, 100% used [0x00000000d5580000,0x00000000e3280000,0x00000000e3280000)
  from space 12800K, 0% used [0x00000000e4000000,0x00000000e4000000,0x00000000e4c80000)
  to   space 13312K, 0% used [0x00000000e3280000,0x00000000e3280000,0x00000000e3f80000)
 ParOldGen       total 77824K, used 15427K [0x0000000080000000, 0x0000000084c00000, 0x00000000d5580000)
  object space 77824K, 19% used [0x0000000080000000,0x0000000080f10de0,0x0000000084c00000)
 Metaspace       used 50109K, capacity 51998K, committed 52184K, reserved 1093632K
  class space    used 6680K, capacity 7120K, committed 7168K, reserved 1048576K
Event: 35.326 GC heap after
Heap after GC invocations=11 (full 2):
 PSYoungGen      total 239616K, used 13292K [0x00000000d5580000, 0x00000000e9480000, 0x0000000100000000)
  eden space 226304K, 0% used [0x00000000d5580000,0x00000000d5580000,0x00000000e3280000)
  from space 13312K, 99% used [0x00000000e3280000,0x00000000e3f7b340,0x00000000e3f80000)
  to   space 19456K, 0% used [0x00000000e8180000,0x00000000e8180000,0x00000000e9480000)
 ParOldGen       total 77824K, used 26056K [0x0000000080000000, 0x0000000084c00000, 0x00000000d5580000)
  object space 77824K, 33% used [0x0000000080000000,0x0000000081972070,0x0000000084c00000)
 Metaspace       used 50109K, capacity 51998K, committed 52184K, reserved 1093632K
  class space    used 6680K, capacity 7120K, committed 7168K, reserved 1048576K
}
Event: 39.306 GC heap before
{Heap before GC invocations=12 (full 2):
 PSYoungGen      total 239616K, used 113122K [0x00000000d5580000, 0x00000000e9480000, 0x0000000100000000)
  eden space 226304K, 44% used [0x00000000d5580000,0x00000000db6fd840,0x00000000e3280000)
  from space 13312K, 99% used [0x00000000e3280000,0x00000000e3f7b340,0x00000000e3f80000)
  to   space 19456K, 0% used [0x00000000e8180000,0x00000000e8180000,0x00000000e9480000)
 ParOldGen       total 77824K, used 26056K [0x0000000080000000, 0x0000000084c00000, 0x00000000d5580000)
  object space 77824K, 33% used [0x0000000080000000,0x0000000081972070,0x0000000084c00000)
 Metaspace       used 56657K, capacity 58812K, committed 58968K, reserved 1099776K
  class space    used 7744K, capacity 8205K, committed 8320K, reserved 1048576K
Event: 39.393 GC heap after
Heap after GC invocations=12 (full 2):
 PSYoungGen      total 303104K, used 19433K [0x00000000d5580000, 0x00000000e9d00000, 0x0000000100000000)
  eden space 283648K, 0% used [0x00000000d5580000,0x00000000d5580000,0x00000000e6a80000)
  from space 19456K, 99% used [0x00000000e8180000,0x00000000e947a588,0x00000000e9480000)
  to   space 23552K, 0% used [0x00000000e6a80000,0x00000000e6a80000,0x00000000e8180000)
 ParOldGen       total 77824K, used 29887K [0x0000000080000000, 0x0000000084c00000, 0x00000000d5580000)
  object space 77824K, 38% used [0x0000000080000000,0x0000000081d2fcd8,0x0000000084c00000)
 Metaspace       used 56657K, capacity 58812K, committed 58968K, reserved 1099776K
  class space    used 7744K, capacity 8205K, committed 8320K, reserved 1048576K
}
Event: 39.393 GC heap before
{Heap before GC invocations=13 (full 3):
 PSYoungGen      total 303104K, used 19433K [0x00000000d5580000, 0x00000000e9d00000, 0x0000000100000000)
  eden space 283648K, 0% used [0x00000000d5580000,0x00000000d5580000,0x00000000e6a80000)
  from space 19456K, 99% used [0x00000000e8180000,0x00000000e947a588,0x00000000e9480000)
  to   space 23552K, 0% used [0x00000000e6a80000,0x00000000e6a80000,0x00000000e8180000)
 ParOldGen       total 77824K, used 29887K [0x0000000080000000, 0x0000000084c00000, 0x00000000d5580000)
  object space 77824K, 38% used [0x0000000080000000,0x0000000081d2fcd8,0x0000000084c00000)
 Metaspace       used 56657K, capacity 58812K, committed 58968K, reserved 1099776K
  class space    used 7744K, capacity 8205K, committed 8320K, reserved 1048576K
Event: 39.973 GC heap after
Heap after GC invocations=13 (full 3):
 PSYoungGen      total 303104K, used 0K [0x00000000d5580000, 0x00000000e9d00000, 0x0000000100000000)
  eden space 283648K, 0% used [0x00000000d5580000,0x00000000d5580000,0x00000000e6a80000)
  from space 19456K, 0% used [0x00000000e8180000,0x00000000e8180000,0x00000000e9480000)
  to   space 23552K, 0% used [0x00000000e6a80000,0x00000000e6a80000,0x00000000e8180000)
 ParOldGen       total 122880K, used 36249K [0x0000000080000000, 0x0000000087800000, 0x00000000d5580000)
  object space 122880K, 29% used [0x0000000080000000,0x00000000823665b8,0x0000000087800000)
 Metaspace       used 56657K, capacity 58812K, committed 58968K, reserved 1099776K
  class space    used 7744K, capacity 8205K, committed 8320K, reserved 1048576K
}

